14:07:47 **** Build of configuration Debug for project timer_5s_HAL ****
make -j12 all 
arm-none-eabi-gcc "../Drivers/STM32F7xx_HAL_Driver/Src/stm32f7xx_hal.c" -mcpu=cortex-m7 -std=gnu11 -g3 -DDEBUG -DUSE_HAL_DRIVER -DSTM32F746xx -c -I../Core/Inc -I../Drivers/STM32F7xx_HAL_Driver/Inc -I../Drivers/STM32F7xx_HAL_Driver/Inc/Legacy -I../Drivers/CMSIS/Device/ST/STM32F7xx/Include -I../Drivers/CMSIS/Include -O0 -ffunction-sections -fdata-sections -Wall -fstack-usage -fcyclomatic-complexity -MMD -MP -MF"Drivers/STM32F7xx_HAL_Driver/Src/stm32f7xx_hal.d" -MT"Drivers/STM32F7xx_HAL_Driver/Src/stm32f7xx_hal.o" --specs=nano.specs -mfpu=fpv5-sp-d16 -mfloat-abi=hard -mthumb -o "Drivers/STM32F7xx_HAL_Driver/Src/stm32f7xx_hal.o"
arm-none-eabi-gcc "../Drivers/STM32F7xx_HAL_Driver/Src/stm32f7xx_hal_cortex.c" -mcpu=cortex-m7 -std=gnu11 -g3 -DDEBUG -DUSE_HAL_DRIVER -DSTM32F746xx -c -I../Core/Inc -I../Drivers/STM32F7xx_HAL_Driver/Inc -I../Drivers/STM32F7xx_HAL_Driver/Inc/Legacy -I../Drivers/CMSIS/Device/ST/STM32F7xx/Include -I../Drivers/CMSIS/Include -O0 -ffunction-sections -fdata-sections -Wall -fstack-usage -fcyclomatic-complexity -MMD -MP -MF"Drivers/STM32F7xx_HAL_Driver/Src/stm32f7xx_hal_cortex.d" -MT"Drivers/STM32F7xx_HAL_Driver/Src/stm32f7xx_hal_cortex.o" --specs=nano.specs -mfpu=fpv5-sp-d16 -mfloat-abi=hard -mthumb -o "Drivers/STM32F7xx_HAL_Driver/Src/stm32f7xx_hal_cortex.o"
arm-none-eabi-gcc "../Drivers/STM32F7xx_HAL_Driver/Src/stm32f7xx_hal_dma.c" -mcpu=cortex-m7 -std=gnu11 -g3 -DDEBUG -DUSE_HAL_DRIVER -DSTM32F746xx -c -I../Core/Inc -I../Drivers/STM32F7xx_HAL_Driver/Inc -I../Drivers/STM32F7xx_HAL_Driver/Inc/Legacy -I../Drivers/CMSIS/Device/ST/STM32F7xx/Include -I../Drivers/CMSIS/Include -O0 -ffunction-sections -fdata-sections -Wall -fstack-usage -fcyclomatic-complexity -MMD -MP -MF"Drivers/STM32F7xx_HAL_Driver/Src/stm32f7xx_hal_dma.d" -MT"Drivers/STM32F7xx_HAL_Driver/Src/stm32f7xx_hal_dma.o" --specs=nano.specs -mfpu=fpv5-sp-d16 -mfloat-abi=hard -mthumb -o "Drivers/STM32F7xx_HAL_Driver/Src/stm32f7xx_hal_dma.o"
arm-none-eabi-gcc "../Drivers/STM32F7xx_HAL_Driver/Src/stm32f7xx_hal_dma_ex.c" -mcpu=cortex-m7 -std=gnu11 -g3 -DDEBUG -DUSE_HAL_DRIVER -DSTM32F746xx -c -I../Core/Inc -I../Drivers/STM32F7xx_HAL_Driver/Inc -I../Drivers/STM32F7xx_HAL_Driver/Inc/Legacy -I../Drivers/CMSIS/Device/ST/STM32F7xx/Include -I../Drivers/CMSIS/Include -O0 -ffunction-sections -fdata-sections -Wall -fstack-usage -fcyclomatic-complexity -MMD -MP -MF"Drivers/STM32F7xx_HAL_Driver/Src/stm32f7xx_hal_dma_ex.d" -MT"Drivers/STM32F7xx_HAL_Driver/Src/stm32f7xx_hal_dma_ex.o" --specs=nano.specs -mfpu=fpv5-sp-d16 -mfloat-abi=hard -mthumb -o "Drivers/STM32F7xx_HAL_Driver/Src/stm32f7xx_hal_dma_ex.o"
arm-none-eabi-gcc "../Drivers/STM32F7xx_HAL_Driver/Src/stm32f7xx_hal_exti.c" -mcpu=cortex-m7 -std=gnu11 -g3 -DDEBUG -DUSE_HAL_DRIVER -DSTM32F746xx -c -I../Core/Inc -I../Drivers/STM32F7xx_HAL_Driver/Inc -I../Drivers/STM32F7xx_HAL_Driver/Inc/Legacy -I../Drivers/CMSIS/Device/ST/STM32F7xx/Include -I../Drivers/CMSIS/Include -O0 -ffunction-sections -fdata-sections -Wall -fstack-usage -fcyclomatic-complexity -MMD -MP -MF"Drivers/STM32F7xx_HAL_Driver/Src/stm32f7xx_hal_exti.d" -MT"Drivers/STM32F7xx_HAL_Driver/Src/stm32f7xx_hal_exti.o" --specs=nano.specs -mfpu=fpv5-sp-d16 -mfloat-abi=hard -mthumb -o "Drivers/STM32F7xx_HAL_Driver/Src/stm32f7xx_hal_exti.o"
arm-none-eabi-gcc "../Drivers/STM32F7xx_HAL_Driver/Src/stm32f7xx_hal_flash.c" -mcpu=cortex-m7 -std=gnu11 -g3 -DDEBUG -DUSE_HAL_DRIVER -DSTM32F746xx -c -I../Core/Inc -I../Drivers/STM32F7xx_HAL_Driver/Inc -I../Drivers/STM32F7xx_HAL_Driver/Inc/Legacy -I../Drivers/CMSIS/Device/ST/STM32F7xx/Include -I../Drivers/CMSIS/Include -O0 -ffunction-sections -fdata-sections -Wall -fstack-usage -fcyclomatic-complexity -MMD -MP -MF"Drivers/STM32F7xx_HAL_Driver/Src/stm32f7xx_hal_flash.d" -MT"Drivers/STM32F7xx_HAL_Driver/Src/stm32f7xx_hal_flash.o" --specs=nano.specs -mfpu=fpv5-sp-d16 -mfloat-abi=hard -mthumb -o "Drivers/STM32F7xx_HAL_Driver/Src/stm32f7xx_hal_flash.o"
arm-none-eabi-gcc "../Drivers/STM32F7xx_HAL_Driver/Src/stm32f7xx_hal_flash_ex.c" -mcpu=cortex-m7 -std=gnu11 -g3 -DDEBUG -DUSE_HAL_DRIVER -DSTM32F746xx -c -I../Core/Inc -I../Drivers/STM32F7xx_HAL_Driver/Inc -I../Drivers/STM32F7xx_HAL_Driver/Inc/Legacy -I../Drivers/CMSIS/Device/ST/STM32F7xx/Include -I../Drivers/CMSIS/Include -O0 -ffunction-sections -fdata-sections -Wall -fstack-usage -fcyclomatic-complexity -MMD -MP -MF"Drivers/STM32F7xx_HAL_Driver/Src/stm32f7xx_hal_flash_ex.d" -MT"Drivers/STM32F7xx_HAL_Driver/Src/stm32f7xx_hal_flash_ex.o" --specs=nano.specs -mfpu=fpv5-sp-d16 -mfloat-abi=hard -mthumb -o "Drivers/STM32F7xx_HAL_Driver/Src/stm32f7xx_hal_flash_ex.o"
arm-none-eabi-gcc "../Drivers/STM32F7xx_HAL_Driver/Src/stm32f7xx_hal_gpio.c" -mcpu=cortex-m7 -std=gnu11 -g3 -DDEBUG -DUSE_HAL_DRIVER -DSTM32F746xx -c -I../Core/Inc -I../Drivers/STM32F7xx_HAL_Driver/Inc -I../Drivers/STM32F7xx_HAL_Driver/Inc/Legacy -I../Drivers/CMSIS/Device/ST/STM32F7xx/Include -I../Drivers/CMSIS/Include -O0 -ffunction-sections -fdata-sections -Wall -fstack-usage -fcyclomatic-complexity -MMD -MP -MF"Drivers/STM32F7xx_HAL_Driver/Src/stm32f7xx_hal_gpio.d" -MT"Drivers/STM32F7xx_HAL_Driver/Src/stm32f7xx_hal_gpio.o" --specs=nano.specs -mfpu=fpv5-sp-d16 -mfloat-abi=hard -mthumb -o "Drivers/STM32F7xx_HAL_Driver/Src/stm32f7xx_hal_gpio.o"
arm-none-eabi-gcc "../Drivers/STM32F7xx_HAL_Driver/Src/stm32f7xx_hal_i2c.c" -mcpu=cortex-m7 -std=gnu11 -g3 -DDEBUG -DUSE_HAL_DRIVER -DSTM32F746xx -c -I../Core/Inc -I../Drivers/STM32F7xx_HAL_Driver/Inc -I../Drivers/STM32F7xx_HAL_Driver/Inc/Legacy -I../Drivers/CMSIS/Device/ST/STM32F7xx/Include -I../Drivers/CMSIS/Include -O0 -ffunction-sections -fdata-sections -Wall -fstack-usage -fcyclomatic-complexity -MMD -MP -MF"Drivers/STM32F7xx_HAL_Driver/Src/stm32f7xx_hal_i2c.d" -MT"Drivers/STM32F7xx_HAL_Driver/Src/stm32f7xx_hal_i2c.o" --specs=nano.specs -mfpu=fpv5-sp-d16 -mfloat-abi=hard -mthumb -o "Drivers/STM32F7xx_HAL_Driver/Src/stm32f7xx_hal_i2c.o"
arm-none-eabi-gcc "../Drivers/STM32F7xx_HAL_Driver/Src/stm32f7xx_hal_i2c_ex.c" -mcpu=cortex-m7 -std=gnu11 -g3 -DDEBUG -DUSE_HAL_DRIVER -DSTM32F746xx -c -I../Core/Inc -I../Drivers/STM32F7xx_HAL_Driver/Inc -I../Drivers/STM32F7xx_HAL_Driver/Inc/Legacy -I../Drivers/CMSIS/Device/ST/STM32F7xx/Include -I../Drivers/CMSIS/Include -O0 -ffunction-sections -fdata-sections -Wall -fstack-usage -fcyclomatic-complexity -MMD -MP -MF"Drivers/STM32F7xx_HAL_Driver/Src/stm32f7xx_hal_i2c_ex.d" -MT"Drivers/STM32F7xx_HAL_Driver/Src/stm32f7xx_hal_i2c_ex.o" --specs=nano.specs -mfpu=fpv5-sp-d16 -mfloat-abi=hard -mthumb -o "Drivers/STM32F7xx_HAL_Driver/Src/stm32f7xx_hal_i2c_ex.o"
arm-none-eabi-gcc "../Drivers/STM32F7xx_HAL_Driver/Src/stm32f7xx_hal_pwr.c" -mcpu=cortex-m7 -std=gnu11 -g3 -DDEBUG -DUSE_HAL_DRIVER -DSTM32F746xx -c -I../Core/Inc -I../Drivers/STM32F7xx_HAL_Driver/Inc -I../Drivers/STM32F7xx_HAL_Driver/Inc/Legacy -I../Drivers/CMSIS/Device/ST/STM32F7xx/Include -I../Drivers/CMSIS/Include -O0 -ffunction-sections -fdata-sections -Wall -fstack-usage -fcyclomatic-complexity -MMD -MP -MF"Drivers/STM32F7xx_HAL_Driver/Src/stm32f7xx_hal_pwr.d" -MT"Drivers/STM32F7xx_HAL_Driver/Src/stm32f7xx_hal_pwr.o" --specs=nano.specs -mfpu=fpv5-sp-d16 -mfloat-abi=hard -mthumb -o "Drivers/STM32F7xx_HAL_Driver/Src/stm32f7xx_hal_pwr.o"
arm-none-eabi-gcc "../Drivers/STM32F7xx_HAL_Driver/Src/stm32f7xx_hal_pwr_ex.c" -mcpu=cortex-m7 -std=gnu11 -g3 -DDEBUG -DUSE_HAL_DRIVER -DSTM32F746xx -c -I../Core/Inc -I../Drivers/STM32F7xx_HAL_Driver/Inc -I../Drivers/STM32F7xx_HAL_Driver/Inc/Legacy -I../Drivers/CMSIS/Device/ST/STM32F7xx/Include -I../Drivers/CMSIS/Include -O0 -ffunction-sections -fdata-sections -Wall -fstack-usage -fcyclomatic-complexity -MMD -MP -MF"Drivers/STM32F7xx_HAL_Driver/Src/stm32f7xx_hal_pwr_ex.d" -MT"Drivers/STM32F7xx_HAL_Driver/Src/stm32f7xx_hal_pwr_ex.o" --specs=nano.specs -mfpu=fpv5-sp-d16 -mfloat-abi=hard -mthumb -o "Drivers/STM32F7xx_HAL_Driver/Src/stm32f7xx_hal_pwr_ex.o"
In file included from ../Drivers/STM32F7xx_HAL_Driver/Inc/stm32f7xx_hal.h:29,
                 from ../Drivers/STM32F7xx_HAL_Driver/Src/stm32f7xx_hal_i2c.c:323:
../Drivers/STM32F7xx_HAL_Driver/Inc/stm32f7xx_hal_conf.h:302:12: fatal error: stm32f7xx_hal_dma2d.h: No such file or directory
  302 |   #include "stm32f7xx_hal_dma2d.h"
      |            ^~~~~~~~~~~~~~~~~~~~~~~
compilation terminated.
In file included from ../Drivers/STM32F7xx_HAL_Driver/Inc/stm32f7xx_hal.h:29,
                 from ../Drivers/STM32F7xx_HAL_Driver/Src/stm32f7xx_hal_gpio.c:108:
../Drivers/STM32F7xx_HAL_Driver/Inc/stm32f7xx_hal_conf.h:302:12: fatal error: stm32f7xx_hal_dma2d.h: No such file or directory
  302 |   #include "stm32f7xx_hal_dma2d.h"
      |            ^~~~~~~~~~~~~~~~~~~~~~~
compilation terminated.
In file included from ../Drivers/STM32F7xx_HAL_Driver/Inc/stm32f7xx_hal.h:29,
                 from ../Drivers/STM32F7xx_HAL_Driver/Src/stm32f7xx_hal_cortex.c:82:
../Drivers/STM32F7xx_HAL_Driver/Inc/stm32f7xx_hal_conf.h:302:12: fatal error: stm32f7xx_hal_dma2d.h: No such file or directory
  302 |   #include "stm32f7xx_hal_dma2d.h"
      |            ^~~~~~~~~~~~~~~~~~~~~~~
compilation terminated.
In file included from ../Drivers/STM32F7xx_HAL_Driver/Inc/stm32f7xx_hal.h:29,
                 from ../Drivers/STM32F7xx_HAL_Driver/Src/stm32f7xx_hal_flash_ex.c:55:
../Drivers/STM32F7xx_HAL_Driver/Inc/stm32f7xx_hal_conf.h:302:12: fatal error: stm32f7xx_hal_dma2d.h: No such file or directory
  302 |   #include "stm32f7xx_hal_dma2d.h"
      |            ^~~~~~~~~~~~~~~~~~~~~~~
compilation terminated.
In file included from ../Drivers/STM32F7xx_HAL_Driver/Inc/stm32f7xx_hal.h:29,
                 from ../Drivers/STM32F7xx_HAL_Driver/Src/stm32f7xx_hal_dma.c:98:
../Drivers/STM32F7xx_HAL_Driver/Inc/stm32f7xx_hal_conf.h:302:12: fatal error: stm32f7xx_hal_dma2d.h: No such file or directory
  302 |   #include "stm32f7xx_hal_dma2d.h"
      |            ^~~~~~~~~~~~~~~~~~~~~~~
compilation terminated.
In file included from ../Drivers/STM32F7xx_HAL_Driver/Inc/stm32f7xx_hal.h:29,
                 from ../Drivers/STM32F7xx_HAL_Driver/Src/stm32f7xx_hal_pwr_ex.c:24:
../Drivers/STM32F7xx_HAL_Driver/Inc/stm32f7xx_hal_conf.h:302:12: fatal error: stm32f7xx_hal_dma2d.h: No such file or directory
  302 |   #include "stm32f7xx_hal_dma2d.h"
      |            ^~~~~~~~~~~~~~~~~~~~~~~
compilation terminated.
make: *** [Drivers/STM32F7xx_HAL_Driver/Src/subdir.mk:64: Drivers/STM32F7xx_HAL_Driver/Src/stm32f7xx_hal_i2c.o] Error 1
make: *** Waiting for unfinished jobs....
In file included from ../Drivers/STM32F7xx_HAL_Driver/Inc/stm32f7xx_hal.h:29,
                 from ../Drivers/STM32F7xx_HAL_Driver/Src/stm32f7xx_hal_exti.c:86:
../Drivers/STM32F7xx_HAL_Driver/Inc/stm32f7xx_hal_conf.h:302:12: fatal error: stm32f7xx_hal_dma2d.h: No such file or directory
  302 |   #include "stm32f7xx_hal_dma2d.h"
      |            ^~~~~~~~~~~~~~~~~~~~~~~
compilation terminated.
make: *** [Drivers/STM32F7xx_HAL_Driver/Src/subdir.mk:64: Drivers/STM32F7xx_HAL_Driver/Src/stm32f7xx_hal_cortex.o] Error 1
make: *** [Drivers/STM32F7xx_HAL_Driver/Src/subdir.mk:64: Drivers/STM32F7xx_HAL_Driver/Src/stm32f7xx_hal_flash_ex.o] Error 1
make: *** [Drivers/STM32F7xx_HAL_Driver/Src/subdir.mk:64: Drivers/STM32F7xx_HAL_Driver/Src/stm32f7xx_hal_gpio.o] Error 1
make: *** [Drivers/STM32F7xx_HAL_Driver/Src/subdir.mk:64: Drivers/STM32F7xx_HAL_Driver/Src/stm32f7xx_hal_pwr_ex.o] Error 1
In file included from ../Drivers/STM32F7xx_HAL_Driver/Inc/stm32f7xx_hal.h:29,
                 from ../Drivers/STM32F7xx_HAL_Driver/Src/stm32f7xx_hal_i2c_ex.c:46:
../Drivers/STM32F7xx_HAL_Driver/Inc/stm32f7xx_hal_conf.h:302:12: fatal error: stm32f7xx_hal_dma2d.h: No such file or directory
  302 |   #include "stm32f7xx_hal_dma2d.h"
      |            ^~~~~~~~~~~~~~~~~~~~~~~
compilation terminated.
make: *** [Drivers/STM32F7xx_HAL_Driver/Src/subdir.mk:64: Drivers/STM32F7xx_HAL_Driver/Src/stm32f7xx_hal_dma.o] Error 1
In file included from ../Drivers/STM32F7xx_HAL_Driver/Inc/stm32f7xx_hal.h:29,
                 from ../Drivers/STM32F7xx_HAL_Driver/Src/stm32f7xx_hal.c:36:
../Drivers/STM32F7xx_HAL_Driver/Inc/stm32f7xx_hal_conf.h:302:12: fatal error: stm32f7xx_hal_dma2d.h: No such file or directory
  302 |   #include "stm32f7xx_hal_dma2d.h"
      |            ^~~~~~~~~~~~~~~~~~~~~~~
compilation terminated.
make: *** [Drivers/STM32F7xx_HAL_Driver/Src/subdir.mk:64: Drivers/STM32F7xx_HAL_Driver/Src/stm32f7xx_hal_exti.o] Error 1
In file included from ../Drivers/STM32F7xx_HAL_Driver/Inc/stm32f7xx_hal.h:29,
                 from ../Drivers/STM32F7xx_HAL_Driver/Src/stm32f7xx_hal_dma_ex.c:39:
../Drivers/STM32F7xx_HAL_Driver/Inc/stm32f7xx_hal_conf.h:302:12: fatal error: stm32f7xx_hal_dma2d.h: No such file or directory
  302 |   #include "stm32f7xx_hal_dma2d.h"
      |            ^~~~~~~~~~~~~~~~~~~~~~~
compilation terminated.
In file included from ../Drivers/STM32F7xx_HAL_Driver/Inc/stm32f7xx_hal.h:29,
                 from ../Drivers/STM32F7xx_HAL_Driver/Src/stm32f7xx_hal_pwr.c:25:
../Drivers/STM32F7xx_HAL_Driver/Inc/stm32f7xx_hal_conf.h:302:12: fatal error: stm32f7xx_hal_dma2d.h: No such file or directory
  302 |   #include "stm32f7xx_hal_dma2d.h"
      |            ^~~~~~~~~~~~~~~~~~~~~~~
compilation terminated.
make: *** [Drivers/STM32F7xx_HAL_Driver/Src/subdir.mk:64: Drivers/STM32F7xx_HAL_Driver/Src/stm32f7xx_hal_i2c_ex.o] Error 1
make: *** [Drivers/STM32F7xx_HAL_Driver/Src/subdir.mk:64: Drivers/STM32F7xx_HAL_Driver/Src/stm32f7xx_hal.o] Error 1
make: *** [Drivers/STM32F7xx_HAL_Driver/Src/subdir.mk:64: Drivers/STM32F7xx_HAL_Driver/Src/stm32f7xx_hal_pwr.o] Error 1
make: *** [Drivers/STM32F7xx_HAL_Driver/Src/subdir.mk:64: Drivers/STM32F7xx_HAL_Driver/Src/stm32f7xx_hal_dma_ex.o] Error 1
In file included from ../Drivers/STM32F7xx_HAL_Driver/Inc/stm32f7xx_hal.h:29,
                 from ../Drivers/STM32F7xx_HAL_Driver/Src/stm32f7xx_hal_flash.c:83:
../Drivers/STM32F7xx_HAL_Driver/Inc/stm32f7xx_hal_conf.h:302:12: fatal error: stm32f7xx_hal_dma2d.h: No such file or directory
  302 |   #include "stm32f7xx_hal_dma2d.h"
      |            ^~~~~~~~~~~~~~~~~~~~~~~
compilation terminated.
make: *** [Drivers/STM32F7xx_HAL_Driver/Src/subdir.mk:64: Drivers/STM32F7xx_HAL_Driver/Src/stm32f7xx_hal_flash.o] Error 1
"make -j12 all" terminated with exit code 2. Build might be incomplete.

14:07:47 Build Failed. 25 errors, 0 warnings. (took 321ms)

